c:\users\vivian\documents\accurate-atmospheric-scattering\accurate atmospheric scattering\accurate atmospheric scattering\x64\debug\vc141.pdb
c:\users\vivian\documents\accurate-atmospheric-scattering\accurate atmospheric scattering\accurate atmospheric scattering\x64\debug\vc141.idb
c:\users\vivian\documents\accurate-atmospheric-scattering\accurate atmospheric scattering\accurate atmospheric scattering\x64\debug\window.obj
c:\users\vivian\documents\accurate-atmospheric-scattering\accurate atmospheric scattering\accurate atmospheric scattering\x64\debug\renderer.obj
c:\users\vivian\documents\accurate-atmospheric-scattering\accurate atmospheric scattering\accurate atmospheric scattering\x64\debug\main.obj
c:\users\vivian\documents\accurate-atmospheric-scattering\accurate atmospheric scattering\accurate atmospheric scattering\x64\debug\imgui_impl_dx11.obj
c:\users\vivian\documents\accurate-atmospheric-scattering\accurate atmospheric scattering\accurate atmospheric scattering\x64\debug\imgui_draw.obj
c:\users\vivian\documents\accurate-atmospheric-scattering\accurate atmospheric scattering\accurate atmospheric scattering\x64\debug\imgui_demo.obj
c:\users\vivian\documents\accurate-atmospheric-scattering\accurate atmospheric scattering\accurate atmospheric scattering\x64\debug\imgui.obj
c:\users\vivian\documents\accurate-atmospheric-scattering\accurate atmospheric scattering\accurate atmospheric scattering\x64\debug\store.obj
c:\users\vivian\documents\accurate-atmospheric-scattering\accurate atmospheric scattering\accurate atmospheric scattering\x64\debug\error.obj
c:\users\vivian\documents\accurate-atmospheric-scattering\accurate atmospheric scattering\accurate atmospheric scattering\x64\debug\atmosphere.obj
c:\users\vivian\documents\accurate-atmospheric-scattering\accurate atmospheric scattering\x64\debug\accurate atmospheric scattering.ilk
c:\users\vivian\documents\accurate-atmospheric-scattering\accurate atmospheric scattering\x64\debug\accurate atmospheric scattering.exe
c:\users\vivian\documents\accurate-atmospheric-scattering\accurate atmospheric scattering\x64\debug\accurate atmospheric scattering.pdb
c:\users\vivian\documents\accurate-atmospheric-scattering\accurate atmospheric scattering\accurate atmospheric scattering\x64\debug\accurate.d01facd9.tlog\cl.command.1.tlog
c:\users\vivian\documents\accurate-atmospheric-scattering\accurate atmospheric scattering\accurate atmospheric scattering\x64\debug\accurate.d01facd9.tlog\cl.read.1.tlog
c:\users\vivian\documents\accurate-atmospheric-scattering\accurate atmospheric scattering\accurate atmospheric scattering\x64\debug\accurate.d01facd9.tlog\cl.write.1.tlog
c:\users\vivian\documents\accurate-atmospheric-scattering\accurate atmospheric scattering\accurate atmospheric scattering\x64\debug\accurate.d01facd9.tlog\link.command.1.tlog
c:\users\vivian\documents\accurate-atmospheric-scattering\accurate atmospheric scattering\accurate atmospheric scattering\x64\debug\accurate.d01facd9.tlog\link.read.1.tlog
c:\users\vivian\documents\accurate-atmospheric-scattering\accurate atmospheric scattering\accurate atmospheric scattering\x64\debug\accurate.d01facd9.tlog\link.write.1.tlog
