  Atmosphere.cpp
c:\users\vivian\documents\accurate-atmospheric-scattering\accurate atmospheric scattering\accurate atmospheric scattering\atmosphere.h(93): error C2653: 'Microsoft': is not a class or namespace name
c:\users\vivian\documents\accurate-atmospheric-scattering\accurate atmospheric scattering\accurate atmospheric scattering\atmosphere.h(93): error C2143: syntax error: missing ';' before '<'
c:\users\vivian\documents\accurate-atmospheric-scattering\accurate atmospheric scattering\accurate atmospheric scattering\atmosphere.h(93): error C4430: missing type specifier - int assumed. Note: C++ does not support default-int
c:\users\vivian\documents\accurate-atmospheric-scattering\accurate atmospheric scattering\accurate atmospheric scattering\atmosphere.h(94): error C2653: 'Microsoft': is not a class or namespace name
c:\users\vivian\documents\accurate-atmospheric-scattering\accurate atmospheric scattering\accurate atmospheric scattering\atmosphere.h(94): error C2143: syntax error: missing ';' before '<'
c:\users\vivian\documents\accurate-atmospheric-scattering\accurate atmospheric scattering\accurate atmospheric scattering\atmosphere.h(94): error C4430: missing type specifier - int assumed. Note: C++ does not support default-int
c:\users\vivian\documents\accurate-atmospheric-scattering\accurate atmospheric scattering\accurate atmospheric scattering\atmosphere.h(94): error C2086: 'int Atmosphere::ComPtr': redefinition
  c:\users\vivian\documents\accurate-atmospheric-scattering\accurate atmospheric scattering\accurate atmospheric scattering\atmosphere.h(93): note: see declaration of 'Atmosphere::ComPtr'
c:\users\vivian\documents\accurate-atmospheric-scattering\accurate atmospheric scattering\accurate atmospheric scattering\atmosphere.cpp(312): error C2143: syntax error: missing ';' before '<'
c:\users\vivian\documents\accurate-atmospheric-scattering\accurate atmospheric scattering\accurate atmospheric scattering\atmosphere.cpp(312): error C4430: missing type specifier - int assumed. Note: C++ does not support default-int
c:\users\vivian\documents\accurate-atmospheric-scattering\accurate atmospheric scattering\accurate atmospheric scattering\atmosphere.cpp(312): error C2086: 'int Atmosphere::ComPtr': redefinition
  c:\users\vivian\documents\accurate-atmospheric-scattering\accurate atmospheric scattering\accurate atmospheric scattering\atmosphere.h(93): note: see declaration of 'Atmosphere::ComPtr'
c:\users\vivian\documents\accurate-atmospheric-scattering\accurate atmospheric scattering\accurate atmospheric scattering\atmosphere.cpp(313): error C2143: syntax error: missing ';' before '<'
c:\users\vivian\documents\accurate-atmospheric-scattering\accurate atmospheric scattering\accurate atmospheric scattering\atmosphere.cpp(313): error C4430: missing type specifier - int assumed. Note: C++ does not support default-int
c:\users\vivian\documents\accurate-atmospheric-scattering\accurate atmospheric scattering\accurate atmospheric scattering\atmosphere.cpp(313): error C2086: 'int Atmosphere::ComPtr': redefinition
  c:\users\vivian\documents\accurate-atmospheric-scattering\accurate atmospheric scattering\accurate atmospheric scattering\atmosphere.h(93): note: see declaration of 'Atmosphere::ComPtr'
c:\users\vivian\documents\accurate-atmospheric-scattering\accurate atmospheric scattering\accurate atmospheric scattering\atmosphere.cpp(314): error C2143: syntax error: missing ';' before '<'
c:\users\vivian\documents\accurate-atmospheric-scattering\accurate atmospheric scattering\accurate atmospheric scattering\atmosphere.cpp(314): error C4430: missing type specifier - int assumed. Note: C++ does not support default-int
c:\users\vivian\documents\accurate-atmospheric-scattering\accurate atmospheric scattering\accurate atmospheric scattering\atmosphere.cpp(314): error C2086: 'int Atmosphere::ComPtr': redefinition
  c:\users\vivian\documents\accurate-atmospheric-scattering\accurate atmospheric scattering\accurate atmospheric scattering\atmosphere.h(93): note: see declaration of 'Atmosphere::ComPtr'
c:\users\vivian\documents\accurate-atmospheric-scattering\accurate atmospheric scattering\accurate atmospheric scattering\atmosphere.cpp(315): error C2143: syntax error: missing ';' before '<'
c:\users\vivian\documents\accurate-atmospheric-scattering\accurate atmospheric scattering\accurate atmospheric scattering\atmosphere.cpp(315): error C4430: missing type specifier - int assumed. Note: C++ does not support default-int
c:\users\vivian\documents\accurate-atmospheric-scattering\accurate atmospheric scattering\accurate atmospheric scattering\atmosphere.cpp(315): error C2086: 'int Atmosphere::ComPtr': redefinition
  c:\users\vivian\documents\accurate-atmospheric-scattering\accurate atmospheric scattering\accurate atmospheric scattering\atmosphere.h(93): note: see declaration of 'Atmosphere::ComPtr'
c:\users\vivian\documents\accurate-atmospheric-scattering\accurate atmospheric scattering\accurate atmospheric scattering\atmosphere.cpp(315): error C2143: syntax error: missing ';' before '{'
c:\users\vivian\documents\accurate-atmospheric-scattering\accurate atmospheric scattering\accurate atmospheric scattering\atmosphere.cpp(315): error C2447: '{': missing function header (old-style formal list?)
c:\users\vivian\documents\accurate-atmospheric-scattering\accurate atmospheric scattering\accurate atmospheric scattering\atmosphere.cpp(316): error C2143: syntax error: missing ';' before '<'
c:\users\vivian\documents\accurate-atmospheric-scattering\accurate atmospheric scattering\accurate atmospheric scattering\atmosphere.cpp(316): error C4430: missing type specifier - int assumed. Note: C++ does not support default-int
c:\users\vivian\documents\accurate-atmospheric-scattering\accurate atmospheric scattering\accurate atmospheric scattering\atmosphere.cpp(316): error C2086: 'int Atmosphere::ComPtr': redefinition
  c:\users\vivian\documents\accurate-atmospheric-scattering\accurate atmospheric scattering\accurate atmospheric scattering\atmosphere.h(93): note: see declaration of 'Atmosphere::ComPtr'
c:\users\vivian\documents\accurate-atmospheric-scattering\accurate atmospheric scattering\accurate atmospheric scattering\atmosphere.cpp(345): error C2143: syntax error: missing ';' before '<'
c:\users\vivian\documents\accurate-atmospheric-scattering\accurate atmospheric scattering\accurate atmospheric scattering\atmosphere.cpp(345): error C4430: missing type specifier - int assumed. Note: C++ does not support default-int
c:\users\vivian\documents\accurate-atmospheric-scattering\accurate atmospheric scattering\accurate atmospheric scattering\atmosphere.cpp(345): error C2238: unexpected token(s) preceding ';'
c:\users\vivian\documents\accurate-atmospheric-scattering\accurate atmospheric scattering\accurate atmospheric scattering\atmosphere.cpp(357): error C2143: syntax error: missing ';' before '<'
c:\users\vivian\documents\accurate-atmospheric-scattering\accurate atmospheric scattering\accurate atmospheric scattering\atmosphere.cpp(357): error C4430: missing type specifier - int assumed. Note: C++ does not support default-int
c:\users\vivian\documents\accurate-atmospheric-scattering\accurate atmospheric scattering\accurate atmospheric scattering\atmosphere.cpp(357): error C2086: 'int Atmosphere::ComPtr': redefinition
  c:\users\vivian\documents\accurate-atmospheric-scattering\accurate atmospheric scattering\accurate atmospheric scattering\atmosphere.h(93): note: see declaration of 'Atmosphere::ComPtr'
c:\users\vivian\documents\accurate-atmospheric-scattering\accurate atmospheric scattering\accurate atmospheric scattering\atmosphere.cpp(357): error C2143: syntax error: missing ';' before '{'
c:\users\vivian\documents\accurate-atmospheric-scattering\accurate atmospheric scattering\accurate atmospheric scattering\atmosphere.cpp(357): error C2447: '{': missing function header (old-style formal list?)
c:\users\vivian\documents\accurate-atmospheric-scattering\accurate atmospheric scattering\accurate atmospheric scattering\atmosphere.cpp(361): error C2143: syntax error: missing ';' before '<'
c:\users\vivian\documents\accurate-atmospheric-scattering\accurate atmospheric scattering\accurate atmospheric scattering\atmosphere.cpp(361): error C4430: missing type specifier - int assumed. Note: C++ does not support default-int
c:\users\vivian\documents\accurate-atmospheric-scattering\accurate atmospheric scattering\accurate atmospheric scattering\atmosphere.cpp(361): error C2086: 'int Atmosphere::ComPtr': redefinition
  c:\users\vivian\documents\accurate-atmospheric-scattering\accurate atmospheric scattering\accurate atmospheric scattering\atmosphere.h(93): note: see declaration of 'Atmosphere::ComPtr'
c:\users\vivian\documents\accurate-atmospheric-scattering\accurate atmospheric scattering\accurate atmospheric scattering\atmosphere.cpp(361): error C2143: syntax error: missing ';' before '{'
c:\users\vivian\documents\accurate-atmospheric-scattering\accurate atmospheric scattering\accurate atmospheric scattering\atmosphere.cpp(361): error C2447: '{': missing function header (old-style formal list?)
c:\users\vivian\documents\accurate-atmospheric-scattering\accurate atmospheric scattering\accurate atmospheric scattering\atmosphere.cpp(383): error C4996: 'sprintf': This function or variable may be unsafe. Consider using sprintf_s instead. To disable deprecation, use _CRT_SECURE_NO_WARNINGS. See online help for details.
  c:\program files (x86)\windows kits\10\include\10.0.17763.0\ucrt\stdio.h(1774): note: see declaration of 'sprintf'
c:\users\vivian\documents\accurate-atmospheric-scattering\accurate atmospheric scattering\accurate atmospheric scattering\atmosphere.cpp(618): error C2065: 'com_demo_ps': undeclared identifier
c:\users\vivian\documents\accurate-atmospheric-scattering\accurate atmospheric scattering\accurate atmospheric scattering\atmosphere.cpp(622): error C2065: 'a_com_precompute_shaders': undeclared identifier
c:\users\vivian\documents\accurate-atmospheric-scattering\accurate atmospheric scattering\accurate atmospheric scattering\atmosphere.cpp(624): error C2065: 'a_com_precompute_shaders': undeclared identifier
c:\users\vivian\documents\accurate-atmospheric-scattering\accurate atmospheric scattering\accurate atmospheric scattering\atmosphere.cpp(629): error C2065: 'a_com_precompute_shaders': undeclared identifier
c:\users\vivian\documents\accurate-atmospheric-scattering\accurate atmospheric scattering\accurate atmospheric scattering\atmosphere.cpp(631): error C2065: 'a_com_precompute_shaders': undeclared identifier
c:\users\vivian\documents\accurate-atmospheric-scattering\accurate atmospheric scattering\accurate atmospheric scattering\atmosphere.cpp(636): error C2065: 'com_demo_vs': undeclared identifier
c:\users\vivian\documents\accurate-atmospheric-scattering\accurate atmospheric scattering\accurate atmospheric scattering\atmosphere.cpp(637): error C2065: 'com_precompute_vs': undeclared identifier
c:\users\vivian\documents\accurate-atmospheric-scattering\accurate atmospheric scattering\accurate atmospheric scattering\atmosphere.cpp(638): error C2065: 'com_precompute_gs': undeclared identifier
c:\users\vivian\documents\accurate-atmospheric-scattering\accurate atmospheric scattering\accurate atmospheric scattering\atmosphere.cpp(644): error C2275: 'ID3D11DeviceContext': illegal use of this type as an expression
  c:\users\vivian\documents\accurate-atmospheric-scattering\accurate atmospheric scattering\accurate atmospheric scattering\gui.h(4): note: see declaration of 'ID3D11DeviceContext'
c:\users\vivian\documents\accurate-atmospheric-scattering\accurate atmospheric scattering\accurate atmospheric scattering\atmosphere.cpp(644): error C2065: 'com_device_context': undeclared identifier
c:\users\vivian\documents\accurate-atmospheric-scattering\accurate atmospheric scattering\accurate atmospheric scattering\atmosphere.cpp(646): error C2065: 'com_device_context': undeclared identifier
c:\users\vivian\documents\accurate-atmospheric-scattering\accurate atmospheric scattering\accurate atmospheric scattering\atmosphere.cpp(647): error C2065: 'com_device_context': undeclared identifier
c:\users\vivian\documents\accurate-atmospheric-scattering\accurate atmospheric scattering\accurate atmospheric scattering\atmosphere.cpp(647): error C2065: 'com_precompute_vs': undeclared identifier
c:\users\vivian\documents\accurate-atmospheric-scattering\accurate atmospheric scattering\accurate atmospheric scattering\atmosphere.cpp(649): error C2065: 'com_device_context': undeclared identifier
c:\users\vivian\documents\accurate-atmospheric-scattering\accurate atmospheric scattering\accurate atmospheric scattering\atmosphere.cpp(650): error C2065: 'com_device_context': undeclared identifier
c:\users\vivian\documents\accurate-atmospheric-scattering\accurate atmospheric scattering\accurate atmospheric scattering\atmosphere.cpp(651): error C2065: 'com_device_context': undeclared identifier
c:\users\vivian\documents\accurate-atmospheric-scattering\accurate atmospheric scattering\accurate atmospheric scattering\atmosphere.cpp(652): error C2039: 'com_cb': is not a member of 'Atmosphere::PrecomputeConstantBuffer'
  c:\users\vivian\documents\accurate-atmospheric-scattering\accurate atmospheric scattering\accurate atmospheric scattering\atmosphere.cpp(338): note: see declaration of 'Atmosphere::PrecomputeConstantBuffer'
c:\users\vivian\documents\accurate-atmospheric-scattering\accurate atmospheric scattering\accurate atmospheric scattering\atmosphere.cpp(652): error C2466: cannot allocate an array of constant size 0
c:\users\vivian\documents\accurate-atmospheric-scattering\accurate atmospheric scattering\accurate atmospheric scattering\atmosphere.cpp(653): error C2065: 'com_device_context': undeclared identifier
c:\users\vivian\documents\accurate-atmospheric-scattering\accurate atmospheric scattering\accurate atmospheric scattering\atmosphere.cpp(657): error C2065: 'com_device_context': undeclared identifier
c:\users\vivian\documents\accurate-atmospheric-scattering\accurate atmospheric scattering\accurate atmospheric scattering\atmosphere.cpp(658): error C2065: 'com_device_context': undeclared identifier
c:\users\vivian\documents\accurate-atmospheric-scattering\accurate atmospheric scattering\accurate atmospheric scattering\atmosphere.cpp(658): error C2065: 'a_com_precompute_shaders': undeclared identifier
c:\users\vivian\documents\accurate-atmospheric-scattering\accurate atmospheric scattering\accurate atmospheric scattering\atmosphere.cpp(660): error C2065: 'com_device_context': undeclared identifier
c:\users\vivian\documents\accurate-atmospheric-scattering\accurate atmospheric scattering\accurate atmospheric scattering\atmosphere.cpp(661): error C2065: 'com_device_context': undeclared identifier
c:\users\vivian\documents\accurate-atmospheric-scattering\accurate atmospheric scattering\accurate atmospheric scattering\atmosphere.cpp(663): error C2065: 'com_device_context': undeclared identifier
c:\users\vivian\documents\accurate-atmospheric-scattering\accurate atmospheric scattering\accurate atmospheric scattering\atmosphere.cpp(668): error C2065: 'com_device_context': undeclared identifier
c:\users\vivian\documents\accurate-atmospheric-scattering\accurate atmospheric scattering\accurate atmospheric scattering\atmosphere.cpp(670): error C2065: 'com_device_context': undeclared identifier
c:\users\vivian\documents\accurate-atmospheric-scattering\accurate atmospheric scattering\accurate atmospheric scattering\atmosphere.cpp(671): error C2065: 'com_device_context': undeclared identifier
c:\users\vivian\documents\accurate-atmospheric-scattering\accurate atmospheric scattering\accurate atmospheric scattering\atmosphere.cpp(671): error C2065: 'a_com_precompute_shaders': undeclared identifier
c:\users\vivian\documents\accurate-atmospheric-scattering\accurate atmospheric scattering\accurate atmospheric scattering\atmosphere.cpp(673): error C2065: 'com_device_context': undeclared identifier
c:\users\vivian\documents\accurate-atmospheric-scattering\accurate atmospheric scattering\accurate atmospheric scattering\atmosphere.cpp(674): error C2065: 'com_device_context': undeclared identifier
c:\users\vivian\documents\accurate-atmospheric-scattering\accurate atmospheric scattering\accurate atmospheric scattering\atmosphere.cpp(675): error C2065: 'com_device_context': undeclared identifier
c:\users\vivian\documents\accurate-atmospheric-scattering\accurate atmospheric scattering\accurate atmospheric scattering\atmosphere.cpp(677): error C2065: 'com_device_context': undeclared identifier
c:\users\vivian\documents\accurate-atmospheric-scattering\accurate atmospheric scattering\accurate atmospheric scattering\atmosphere.cpp(678): error C2065: 'com_device_context': undeclared identifier
c:\users\vivian\documents\accurate-atmospheric-scattering\accurate atmospheric scattering\accurate atmospheric scattering\atmosphere.cpp(683): error C2065: 'com_device_context': undeclared identifier
c:\users\vivian\documents\accurate-atmospheric-scattering\accurate atmospheric scattering\accurate atmospheric scattering\atmosphere.cpp(684): error C2065: 'com_device_context': undeclared identifier
c:\users\vivian\documents\accurate-atmospheric-scattering\accurate atmospheric scattering\accurate atmospheric scattering\atmosphere.cpp(684): error C2065: 'com_precompute_gs': undeclared identifier
c:\users\vivian\documents\accurate-atmospheric-scattering\accurate atmospheric scattering\accurate atmospheric scattering\atmosphere.cpp(686): error C2065: 'com_device_context': undeclared identifier
c:\users\vivian\documents\accurate-atmospheric-scattering\accurate atmospheric scattering\accurate atmospheric scattering\atmosphere.cpp(687): error C2065: 'com_device_context': undeclared identifier
c:\users\vivian\documents\accurate-atmospheric-scattering\accurate atmospheric scattering\accurate atmospheric scattering\atmosphere.cpp(687): error C2065: 'a_com_precompute_shaders': undeclared identifier
c:\users\vivian\documents\accurate-atmospheric-scattering\accurate atmospheric scattering\accurate atmospheric scattering\atmosphere.cpp(692): error C2065: 'com_device_context': undeclared identifier
c:\users\vivian\documents\accurate-atmospheric-scattering\accurate atmospheric scattering\accurate atmospheric scattering\atmosphere.cpp(693): error C2065: 'com_device_context': undeclared identifier
c:\users\vivian\documents\accurate-atmospheric-scattering\accurate atmospheric scattering\accurate atmospheric scattering\atmosphere.cpp(694): error C2065: 'com_device_context': undeclared identifier
c:\users\vivian\documents\accurate-atmospheric-scattering\accurate atmospheric scattering\accurate atmospheric scattering\atmosphere.cpp(696): error C2065: 'com_device_context': undeclared identifier
c:\users\vivian\documents\accurate-atmospheric-scattering\accurate atmospheric scattering\accurate atmospheric scattering\atmosphere.cpp(698): error C2065: 'com_device_context': undeclared identifier
c:\users\vivian\documents\accurate-atmospheric-scattering\accurate atmospheric scattering\accurate atmospheric scattering\atmosphere.cpp(699): error C2065: 'com_device_context': undeclared identifier
c:\users\vivian\documents\accurate-atmospheric-scattering\accurate atmospheric scattering\accurate atmospheric scattering\atmosphere.cpp(706): error C2065: 'com_device_context': undeclared identifier
c:\users\vivian\documents\accurate-atmospheric-scattering\accurate atmospheric scattering\accurate atmospheric scattering\atmosphere.cpp(711): error C2065: 'com_device_context': undeclared identifier
c:\users\vivian\documents\accurate-atmospheric-scattering\accurate atmospheric scattering\accurate atmospheric scattering\atmosphere.cpp(712): error C2065: 'com_device_context': undeclared identifier
c:\users\vivian\documents\accurate-atmospheric-scattering\accurate atmospheric scattering\accurate atmospheric scattering\atmosphere.cpp(712): error C2065: 'a_com_precompute_shaders': undeclared identifier
c:\users\vivian\documents\accurate-atmospheric-scattering\accurate atmospheric scattering\accurate atmospheric scattering\atmosphere.cpp(714): error C2065: 'com_device_context': undeclared identifier
c:\users\vivian\documents\accurate-atmospheric-scattering\accurate atmospheric scattering\accurate atmospheric scattering\atmosphere.cpp(717): error C2039: 'com_cb': is not a member of 'Atmosphere::PrecomputeConstantBuffer'
  c:\users\vivian\documents\accurate-atmospheric-scattering\accurate atmospheric scattering\accurate atmospheric scattering\atmosphere.cpp(338): note: see declaration of 'Atmosphere::PrecomputeConstantBuffer'
c:\users\vivian\documents\accurate-atmospheric-scattering\accurate atmospheric scattering\accurate atmospheric scattering\atmosphere.cpp(718): error C2065: 'com_device_context': undeclared identifier
c:\users\vivian\documents\accurate-atmospheric-scattering\accurate atmospheric scattering\accurate atmospheric scattering\atmosphere.cpp(721): error C2065: 'com_device_context': undeclared identifier
c:\users\vivian\documents\accurate-atmospheric-scattering\accurate atmospheric scattering\accurate atmospheric scattering\atmosphere.cpp(723): error C2065: 'com_device_context': undeclared identifier
c:\users\vivian\documents\accurate-atmospheric-scattering\accurate atmospheric scattering\accurate atmospheric scattering\atmosphere.cpp(728): error C2039: 'com_cb': is not a member of 'Atmosphere::PrecomputeConstantBuffer'
  c:\users\vivian\documents\accurate-atmospheric-scattering\accurate atmospheric scattering\accurate atmospheric scattering\atmosphere.cpp(338): note: see declaration of 'Atmosphere::PrecomputeConstantBuffer'
c:\users\vivian\documents\accurate-atmospheric-scattering\accurate atmospheric scattering\accurate atmospheric scattering\atmosphere.cpp(731): error C2065: 'com_device_context': undeclared identifier
c:\users\vivian\documents\accurate-atmospheric-scattering\accurate atmospheric scattering\accurate atmospheric scattering\atmosphere.cpp(735): error C2065: 'com_device_context': undeclared identifier
c:\users\vivian\documents\accurate-atmospheric-scattering\accurate atmospheric scattering\accurate atmospheric scattering\atmosphere.cpp(736): error C2065: 'com_device_context': undeclared identifier
c:\users\vivian\documents\accurate-atmospheric-scattering\accurate atmospheric scattering\accurate atmospheric scattering\atmosphere.cpp(736): error C2065: 'a_com_precompute_shaders': undeclared identifier
c:\users\vivian\documents\accurate-atmospheric-scattering\accurate atmospheric scattering\accurate atmospheric scattering\atmosphere.cpp(738): error C2065: 'com_device_context': undeclared identifier
c:\users\vivian\documents\accurate-atmospheric-scattering\accurate atmospheric scattering\accurate atmospheric scattering\atmosphere.cpp(739): error C2065: 'com_device_context': undeclared identifier
c:\users\vivian\documents\accurate-atmospheric-scattering\accurate atmospheric scattering\accurate atmospheric scattering\atmosphere.cpp(740): error C2065: 'com_device_context': undeclared identifier
c:\users\vivian\documents\accurate-atmospheric-scattering\accurate atmospheric scattering\accurate atmospheric scattering\atmosphere.cpp(743): error C2065: 'com_device_context': undeclared identifier
c:\users\vivian\documents\accurate-atmospheric-scattering\accurate atmospheric scattering\accurate atmospheric scattering\atmosphere.cpp(745): error C2065: 'com_device_context': undeclared identifier
c:\users\vivian\documents\accurate-atmospheric-scattering\accurate atmospheric scattering\accurate atmospheric scattering\atmosphere.cpp(746): error C2065: 'com_device_context': undeclared identifier
c:\users\vivian\documents\accurate-atmospheric-scattering\accurate atmospheric scattering\accurate atmospheric scattering\atmosphere.cpp(751): error C2065: 'com_device_context': undeclared identifier
c:\users\vivian\documents\accurate-atmospheric-scattering\accurate atmospheric scattering\accurate atmospheric scattering\atmosphere.cpp(753): error C2065: 'com_device_context': undeclared identifier
c:\users\vivian\documents\accurate-atmospheric-scattering\accurate atmospheric scattering\accurate atmospheric scattering\atmosphere.cpp(754): error C2065: 'com_device_context': undeclared identifier
c:\users\vivian\documents\accurate-atmospheric-scattering\accurate atmospheric scattering\accurate atmospheric scattering\atmosphere.cpp(754): error C2065: 'a_com_precompute_shaders': undeclared identifier
c:\users\vivian\documents\accurate-atmospheric-scattering\accurate atmospheric scattering\accurate atmospheric scattering\atmosphere.cpp(756): error C2065: 'com_device_context': undeclared identifier
c:\users\vivian\documents\accurate-atmospheric-scattering\accurate atmospheric scattering\accurate atmospheric scattering\atmosphere.cpp(757): error C2065: 'com_device_context': undeclared identifier
c:\users\vivian\documents\accurate-atmospheric-scattering\accurate atmospheric scattering\accurate atmospheric scattering\atmosphere.cpp(758): error C2065: 'com_device_context': undeclared identifier
c:\users\vivian\documents\accurate-atmospheric-scattering\accurate atmospheric scattering\accurate atmospheric scattering\atmosphere.cpp(761): error C2065: 'com_device_context': undeclared identifier
c:\users\vivian\documents\accurate-atmospheric-scattering\accurate atmospheric scattering\accurate atmospheric scattering\atmosphere.cpp(761): fatal error C1003: error count exceeds 100; stopping compilation
  Error.cpp
  GUI.cpp
c:\users\vivian\documents\accurate-atmospheric-scattering\accurate atmospheric scattering\accurate atmospheric scattering\atmosphere.h(93): error C2653: 'Microsoft': is not a class or namespace name
c:\users\vivian\documents\accurate-atmospheric-scattering\accurate atmospheric scattering\accurate atmospheric scattering\atmosphere.h(93): error C2143: syntax error: missing ';' before '<'
c:\users\vivian\documents\accurate-atmospheric-scattering\accurate atmospheric scattering\accurate atmospheric scattering\atmosphere.h(93): error C4430: missing type specifier - int assumed. Note: C++ does not support default-int
c:\users\vivian\documents\accurate-atmospheric-scattering\accurate atmospheric scattering\accurate atmospheric scattering\atmosphere.h(94): error C2653: 'Microsoft': is not a class or namespace name
c:\users\vivian\documents\accurate-atmospheric-scattering\accurate atmospheric scattering\accurate atmospheric scattering\atmosphere.h(94): error C2143: syntax error: missing ';' before '<'
c:\users\vivian\documents\accurate-atmospheric-scattering\accurate atmospheric scattering\accurate atmospheric scattering\atmosphere.h(94): error C4430: missing type specifier - int assumed. Note: C++ does not support default-int
c:\users\vivian\documents\accurate-atmospheric-scattering\accurate atmospheric scattering\accurate atmospheric scattering\atmosphere.h(94): error C2086: 'int Atmosphere::ComPtr': redefinition
  c:\users\vivian\documents\accurate-atmospheric-scattering\accurate atmospheric scattering\accurate atmospheric scattering\atmosphere.h(93): note: see declaration of 'Atmosphere::ComPtr'
c:\users\vivian\documents\accurate-atmospheric-scattering\accurate atmospheric scattering\accurate atmospheric scattering\gui.cpp(57): error C2065: 'ImGuiCond_Always': undeclared identifier
c:\users\vivian\documents\accurate-atmospheric-scattering\accurate atmospheric scattering\accurate atmospheric scattering\gui.cpp(58): error C2039: 'SetNextWindowBgAlpha': is not a member of 'ImGui'
  c:\users\vivian\documents\accurate-atmospheric-scattering\accurate atmospheric scattering\accurate atmospheric scattering\imgui\imgui.h(109): note: see declaration of 'ImGui'
c:\users\vivian\documents\accurate-atmospheric-scattering\accurate atmospheric scattering\accurate atmospheric scattering\gui.cpp(58): error C3861: 'SetNextWindowBgAlpha': identifier not found
c:\users\vivian\documents\accurate-atmospheric-scattering\accurate atmospheric scattering\accurate atmospheric scattering\gui.cpp(68): error C2664: 'bool ImGui::InputFloat(const char *,float *,float,float,int,ImGuiInputTextFlags)': cannot convert argument 5 from 'const char [5]' to 'int'
  c:\users\vivian\documents\accurate-atmospheric-scattering\accurate atmospheric scattering\accurate atmospheric scattering\gui.cpp(68): note: There is no context in which this conversion is possible
c:\users\vivian\documents\accurate-atmospheric-scattering\accurate atmospheric scattering\accurate atmospheric scattering\gui.cpp(77): error C3861: 'IM_ARRAYSIZE': identifier not found
c:\users\vivian\documents\accurate-atmospheric-scattering\accurate atmospheric scattering\accurate atmospheric scattering\gui.cpp(81): error C3861: 'IM_ARRAYSIZE': identifier not found
c:\users\vivian\documents\accurate-atmospheric-scattering\accurate atmospheric scattering\accurate atmospheric scattering\gui.cpp(92): error C3861: 'ImGui_ImplDX11_RenderDrawData': identifier not found
c:\users\vivian\documents\accurate-atmospheric-scattering\accurate atmospheric scattering\accurate atmospheric scattering\gui.cpp(98): error C2660: 'ImGui::DestroyContext': function does not take 0 arguments
  c:\users\vivian\documents\accurate-atmospheric-scattering\accurate atmospheric scattering\accurate atmospheric scattering\imgui\imgui.h(461): note: see declaration of 'ImGui::DestroyContext'
  imgui.cpp
c:\users\vivian\documents\accurate-atmospheric-scattering\accurate atmospheric scattering\accurate atmospheric scattering\imgui\imgui.cpp(612): fatal error C1083: Cannot open include file: 'stdafx.h': No such file or directory
  imgui_demo.cpp
c:\users\vivian\documents\accurate-atmospheric-scattering\accurate atmospheric scattering\accurate atmospheric scattering\imgui\imgui_demo.cpp(127): error C2039: 'ShowDemoWindow': is not a member of 'ImGui'
  c:\users\vivian\documents\accurate-atmospheric-scattering\accurate atmospheric scattering\accurate atmospheric scattering\imgui\imgui.h(109): note: see declaration of 'ImGui'
c:\users\vivian\documents\accurate-atmospheric-scattering\accurate atmospheric scattering\accurate atmospheric scattering\imgui\imgui_demo.cpp(187): error C2065: 'ImGuiWindowFlags_NoNav': undeclared identifier
c:\users\vivian\documents\accurate-atmospheric-scattering\accurate atmospheric scattering\accurate atmospheric scattering\imgui\imgui_demo.cpp(190): error C2065: 'ImGuiCond_FirstUseEver': undeclared identifier
c:\users\vivian\documents\accurate-atmospheric-scattering\accurate atmospheric scattering\accurate atmospheric scattering\imgui\imgui_demo.cpp(305): error C2039: 'ArrowButton': is not a member of 'ImGui'
  c:\users\vivian\documents\accurate-atmospheric-scattering\accurate atmospheric scattering\accurate atmospheric scattering\imgui\imgui.h(109): note: see declaration of 'ImGui'
c:\users\vivian\documents\accurate-atmospheric-scattering\accurate atmospheric scattering\accurate atmospheric scattering\imgui\imgui_demo.cpp(305): error C2065: 'ImGuiDir_Left': undeclared identifier
c:\users\vivian\documents\accurate-atmospheric-scattering\accurate atmospheric scattering\accurate atmospheric scattering\imgui\imgui_demo.cpp(305): error C3861: 'ArrowButton': identifier not found
c:\users\vivian\documents\accurate-atmospheric-scattering\accurate atmospheric scattering\accurate atmospheric scattering\imgui\imgui_demo.cpp(307): error C2039: 'ArrowButton': is not a member of 'ImGui'
  c:\users\vivian\documents\accurate-atmospheric-scattering\accurate atmospheric scattering\accurate atmospheric scattering\imgui\imgui.h(109): note: see declaration of 'ImGui'
c:\users\vivian\documents\accurate-atmospheric-scattering\accurate atmospheric scattering\accurate atmospheric scattering\imgui\imgui_demo.cpp(307): error C2065: 'ImGuiDir_Right': undeclared identifier
c:\users\vivian\documents\accurate-atmospheric-scattering\accurate atmospheric scattering\accurate atmospheric scattering\imgui\imgui_demo.cpp(307): error C3861: 'ArrowButton': identifier not found
c:\users\vivian\documents\accurate-atmospheric-scattering\accurate atmospheric scattering\accurate atmospheric scattering\imgui\imgui_demo.cpp(320): error C3861: 'IM_ARRAYSIZE': identifier not found
c:\users\vivian\documents\accurate-atmospheric-scattering\accurate atmospheric scattering\accurate atmospheric scattering\imgui\imgui_demo.cpp(332): error C3861: 'IM_ARRAYSIZE': identifier not found
c:\users\vivian\documents\accurate-atmospheric-scattering\accurate atmospheric scattering\accurate atmospheric scattering\imgui\imgui_demo.cpp(339): error C3861: 'IM_ARRAYSIZE': identifier not found
c:\users\vivian\documents\accurate-atmospheric-scattering\accurate atmospheric scattering\accurate atmospheric scattering\imgui\imgui_demo.cpp(349): error C2039: 'InputDouble': is not a member of 'ImGui'
  c:\users\vivian\documents\accurate-atmospheric-scattering\accurate atmospheric scattering\accurate atmospheric scattering\imgui\imgui.h(109): note: see declaration of 'ImGui'
c:\users\vivian\documents\accurate-atmospheric-scattering\accurate atmospheric scattering\accurate atmospheric scattering\imgui\imgui_demo.cpp(349): error C3861: 'InputDouble': identifier not found
c:\users\vivian\documents\accurate-atmospheric-scattering\accurate atmospheric scattering\accurate atmospheric scattering\imgui\imgui_demo.cpp(352): error C2664: 'bool ImGui::InputFloat(const char *,float *,float,float,int,ImGuiInputTextFlags)': cannot convert argument 5 from 'const char [3]' to 'int'
  c:\users\vivian\documents\accurate-atmospheric-scattering\accurate atmospheric scattering\accurate atmospheric scattering\imgui\imgui_demo.cpp(352): note: There is no context in which this conversion is possible
c:\users\vivian\documents\accurate-atmospheric-scattering\accurate atmospheric scattering\accurate atmospheric scattering\imgui\imgui_demo.cpp(396): error C3861: 'IM_ARRAYSIZE': identifier not found
c:\users\vivian\documents\accurate-atmospheric-scattering\accurate atmospheric scattering\accurate atmospheric scattering\imgui\imgui_demo.cpp(487): error C3861: 'IsItemHovered': identifier not found
c:\users\vivian\documents\accurate-atmospheric-scattering\accurate atmospheric scattering\accurate atmospheric scattering\imgui\imgui_demo.cpp(493): error C3861: 'IsItemHovered': identifier not found
c:\users\vivian\documents\accurate-atmospheric-scattering\accurate atmospheric scattering\accurate atmospheric scattering\imgui\imgui_demo.cpp(562): error C3861: 'IM_ARRAYSIZE': identifier not found
c:\users\vivian\documents\accurate-atmospheric-scattering\accurate atmospheric scattering\accurate atmospheric scattering\imgui\imgui_demo.cpp(620): error C4430: missing type specifier - int assumed. Note: C++ does not support default-int
c:\users\vivian\documents\accurate-atmospheric-scattering\accurate atmospheric scattering\accurate atmospheric scattering\imgui\imgui_demo.cpp(620): error C2146: syntax error: missing ';' before identifier 'flags'
c:\users\vivian\documents\accurate-atmospheric-scattering\accurate atmospheric scattering\accurate atmospheric scattering\imgui\imgui_demo.cpp(620): error C2065: 'flags': undeclared identifier
c:\users\vivian\documents\accurate-atmospheric-scattering\accurate atmospheric scattering\accurate atmospheric scattering\imgui\imgui_demo.cpp(621): error C2065: 'flags': undeclared identifier
c:\users\vivian\documents\accurate-atmospheric-scattering\accurate atmospheric scattering\accurate atmospheric scattering\imgui\imgui_demo.cpp(621): error C2065: 'ImGuiComboFlags_PopupAlignLeft': undeclared identifier
c:\users\vivian\documents\accurate-atmospheric-scattering\accurate atmospheric scattering\accurate atmospheric scattering\imgui\imgui_demo.cpp(622): error C2065: 'flags': undeclared identifier
c:\users\vivian\documents\accurate-atmospheric-scattering\accurate atmospheric scattering\accurate atmospheric scattering\imgui\imgui_demo.cpp(622): error C2065: 'ImGuiComboFlags_NoArrowButton': undeclared identifier
c:\users\vivian\documents\accurate-atmospheric-scattering\accurate atmospheric scattering\accurate atmospheric scattering\imgui\imgui_demo.cpp(623): error C2065: 'flags': undeclared identifier
c:\users\vivian\documents\accurate-atmospheric-scattering\accurate atmospheric scattering\accurate atmospheric scattering\imgui\imgui_demo.cpp(623): error C2065: 'ImGuiComboFlags_NoPreview': undeclared identifier
c:\users\vivian\documents\accurate-atmospheric-scattering\accurate atmospheric scattering\accurate atmospheric scattering\imgui\imgui_demo.cpp(624): error C2065: 'flags': undeclared identifier
c:\users\vivian\documents\accurate-atmospheric-scattering\accurate atmospheric scattering\accurate atmospheric scattering\imgui\imgui_demo.cpp(624): error C2065: 'ImGuiComboFlags_NoPreview': undeclared identifier
c:\users\vivian\documents\accurate-atmospheric-scattering\accurate atmospheric scattering\accurate atmospheric scattering\imgui\imgui_demo.cpp(625): error C2065: 'flags': undeclared identifier
c:\users\vivian\documents\accurate-atmospheric-scattering\accurate atmospheric scattering\accurate atmospheric scattering\imgui\imgui_demo.cpp(625): error C2065: 'ImGuiComboFlags_NoArrowButton': undeclared identifier
c:\users\vivian\documents\accurate-atmospheric-scattering\accurate atmospheric scattering\accurate atmospheric scattering\imgui\imgui_demo.cpp(631): error C2039: 'BeginCombo': is not a member of 'ImGui'
  c:\users\vivian\documents\accurate-atmospheric-scattering\accurate atmospheric scattering\accurate atmospheric scattering\imgui\imgui.h(109): note: see declaration of 'ImGui'
c:\users\vivian\documents\accurate-atmospheric-scattering\accurate atmospheric scattering\accurate atmospheric scattering\imgui\imgui_demo.cpp(631): error C2065: 'flags': undeclared identifier
c:\users\vivian\documents\accurate-atmospheric-scattering\accurate atmospheric scattering\accurate atmospheric scattering\imgui\imgui_demo.cpp(631): error C3861: 'BeginCombo': identifier not found
c:\users\vivian\documents\accurate-atmospheric-scattering\accurate atmospheric scattering\accurate atmospheric scattering\imgui\imgui_demo.cpp(633): error C3861: 'IM_ARRAYSIZE': identifier not found
c:\users\vivian\documents\accurate-atmospheric-scattering\accurate atmospheric scattering\accurate atmospheric scattering\imgui\imgui_demo.cpp(639): error C2039: 'SetItemDefaultFocus': is not a member of 'ImGui'
  c:\users\vivian\documents\accurate-atmospheric-scattering\accurate atmospheric scattering\accurate atmospheric scattering\imgui\imgui.h(109): note: see declaration of 'ImGui'
c:\users\vivian\documents\accurate-atmospheric-scattering\accurate atmospheric scattering\accurate atmospheric scattering\imgui\imgui_demo.cpp(639): error C3861: 'SetItemDefaultFocus': identifier not found
c:\users\vivian\documents\accurate-atmospheric-scattering\accurate atmospheric scattering\accurate atmospheric scattering\imgui\imgui_demo.cpp(641): error C2039: 'EndCombo': is not a member of 'ImGui'
  c:\users\vivian\documents\accurate-atmospheric-scattering\accurate atmospheric scattering\accurate atmospheric scattering\imgui\imgui.h(109): note: see declaration of 'ImGui'
c:\users\vivian\documents\accurate-atmospheric-scattering\accurate atmospheric scattering\accurate atmospheric scattering\imgui\imgui_demo.cpp(641): error C3861: 'EndCombo': identifier not found
c:\users\vivian\documents\accurate-atmospheric-scattering\accurate atmospheric scattering\accurate atmospheric scattering\imgui\imgui_demo.cpp(650): error C3861: 'IM_ARRAYSIZE': identifier not found
c:\users\vivian\documents\accurate-atmospheric-scattering\accurate atmospheric scattering\accurate atmospheric scattering\imgui\imgui_demo.cpp(655): error C3861: 'IM_ARRAYSIZE': identifier not found
c:\users\vivian\documents\accurate-atmospheric-scattering\accurate atmospheric scattering\accurate atmospheric scattering\imgui\imgui_demo.cpp(788): error C3861: 'IM_ARRAYSIZE': identifier not found
c:\users\vivian\documents\accurate-atmospheric-scattering\accurate atmospheric scattering\accurate atmospheric scattering\imgui\imgui_demo.cpp(798): error C3861: 'IM_ARRAYSIZE': identifier not found
c:\users\vivian\documents\accurate-atmospheric-scattering\accurate atmospheric scattering\accurate atmospheric scattering\imgui\imgui_demo.cpp(811): error C3861: 'IM_ARRAYSIZE': identifier not found
c:\users\vivian\documents\accurate-atmospheric-scattering\accurate atmospheric scattering\accurate atmospheric scattering\imgui\imgui_demo.cpp(815): error C3861: 'IM_ARRAYSIZE': identifier not found
c:\users\vivian\documents\accurate-atmospheric-scattering\accurate atmospheric scattering\accurate atmospheric scattering\imgui\imgui_demo.cpp(816): error C3861: 'IM_ARRAYSIZE': identifier not found
c:\users\vivian\documents\accurate-atmospheric-scattering\accurate atmospheric scattering\accurate atmospheric scattering\imgui\imgui_demo.cpp(868): error C2065: 'ImGuiColorEditFlags_HDR': undeclared identifier
c:\users\vivian\documents\accurate-atmospheric-scattering\accurate atmospheric scattering\accurate atmospheric scattering\imgui\imgui_demo.cpp(868): error C2065: 'ImGuiColorEditFlags_AlphaPreviewHalf': undeclared identifier
c:\users\vivian\documents\accurate-atmospheric-scattering\accurate atmospheric scattering\accurate atmospheric scattering\imgui\imgui_demo.cpp(868): error C2065: 'ImGuiColorEditFlags_AlphaPreview': undeclared identifier
c:\users\vivian\documents\accurate-atmospheric-scattering\accurate atmospheric scattering\accurate atmospheric scattering\imgui\imgui_demo.cpp(868): error C2065: 'ImGuiColorEditFlags_NoOptions': undeclared identifier
c:\users\vivian\documents\accurate-atmospheric-scattering\accurate atmospheric scattering\accurate atmospheric scattering\imgui\imgui_demo.cpp(872): error C2660: 'ImGui::ColorEdit3': function does not take 3 arguments
  c:\users\vivian\documents\accurate-atmospheric-scattering\accurate atmospheric scattering\accurate atmospheric scattering\imgui\imgui.h(272): note: see declaration of 'ImGui::ColorEdit3'
c:\users\vivian\documents\accurate-atmospheric-scattering\accurate atmospheric scattering\accurate atmospheric scattering\imgui\imgui_demo.cpp(875): error C2065: 'ImGuiColorEditFlags_HSV': undeclared identifier
c:\users\vivian\documents\accurate-atmospheric-scattering\accurate atmospheric scattering\accurate atmospheric scattering\imgui\imgui_demo.cpp(878): error C2065: 'ImGuiColorEditFlags_Float': undeclared identifier
c:\users\vivian\documents\accurate-atmospheric-scattering\accurate atmospheric scattering\accurate atmospheric scattering\imgui\imgui_demo.cpp(882): error C2065: 'ImGuiColorEditFlags_NoInputs': undeclared identifier
c:\users\vivian\documents\accurate-atmospheric-scattering\accurate atmospheric scattering\accurate atmospheric scattering\imgui\imgui_demo.cpp(882): error C2065: 'ImGuiColorEditFlags_NoLabel': undeclared identifier
c:\users\vivian\documents\accurate-atmospheric-scattering\accurate atmospheric scattering\accurate atmospheric scattering\imgui\imgui_demo.cpp(890): error C3861: 'IM_ARRAYSIZE': identifier not found
c:\users\vivian\documents\accurate-atmospheric-scattering\accurate atmospheric scattering\accurate atmospheric scattering\imgui\imgui_demo.cpp(898): error C2664: 'bool ImGui::ColorButton(const ImVec4 &,bool,bool)': cannot convert argument 1 from 'const char [12]' to 'const ImVec4 &'
  c:\users\vivian\documents\accurate-atmospheric-scattering\accurate atmospheric scattering\accurate atmospheric scattering\imgui\imgui_demo.cpp(898): note: Reason: cannot convert from 'const char [12]' to 'const ImVec4'
  c:\users\vivian\documents\accurate-atmospheric-scattering\accurate atmospheric scattering\accurate atmospheric scattering\imgui\imgui_demo.cpp(898): note: No constructor could take the source type, or constructor overload resolution was ambiguous
c:\users\vivian\documents\accurate-atmospheric-scattering\accurate atmospheric scattering\accurate atmospheric scattering\imgui\imgui_demo.cpp(911): error C2039: 'ColorPicker4': is not a member of 'ImGui'
  c:\users\vivian\documents\accurate-atmospheric-scattering\accurate atmospheric scattering\accurate atmospheric scattering\imgui\imgui.h(109): note: see declaration of 'ImGui'
c:\users\vivian\documents\accurate-atmospheric-scattering\accurate atmospheric scattering\accurate atmospheric scattering\imgui\imgui_demo.cpp(911): error C2065: 'ImGuiColorEditFlags_NoSidePreview': undeclared identifier
c:\users\vivian\documents\accurate-atmospheric-scattering\accurate atmospheric scattering\accurate atmospheric scattering\imgui\imgui_demo.cpp(911): error C2065: 'ImGuiColorEditFlags_NoSmallPreview': undeclared identifier
c:\users\vivian\documents\accurate-atmospheric-scattering\accurate atmospheric scattering\accurate atmospheric scattering\imgui\imgui_demo.cpp(911): error C3861: 'ColorPicker4': identifier not found
c:\users\vivian\documents\accurate-atmospheric-scattering\accurate atmospheric scattering\accurate atmospheric scattering\imgui\imgui_demo.cpp(915): error C2065: 'ImGuiColorEditFlags_NoPicker': undeclared identifier
c:\users\vivian\documents\accurate-atmospheric-scattering\accurate atmospheric scattering\accurate atmospheric scattering\imgui\imgui_demo.cpp(915): error C2065: 'ImGuiColorEditFlags_AlphaPreviewHalf': undeclared identifier
c:\users\vivian\documents\accurate-atmospheric-scattering\accurate atmospheric scattering\accurate atmospheric scattering\imgui\imgui_demo.cpp(915): error C2664: 'bool ImGui::ColorButton(const ImVec4 &,bool,bool)': cannot convert argument 1 from 'const char [10]' to 'const ImVec4 &'
  c:\users\vivian\documents\accurate-atmospheric-scattering\accurate atmospheric scattering\accurate atmospheric scattering\imgui\imgui_demo.cpp(915): note: Reason: cannot convert from 'const char [10]' to 'const ImVec4'
  c:\users\vivian\documents\accurate-atmospheric-scattering\accurate atmospheric scattering\accurate atmospheric scattering\imgui\imgui_demo.cpp(915): note: No constructor could take the source type, or constructor overload resolution was ambiguous
c:\users\vivian\documents\accurate-atmospheric-scattering\accurate atmospheric scattering\accurate atmospheric scattering\imgui\imgui_demo.cpp(917): error C2065: 'ImGuiColorEditFlags_NoPicker': undeclared identifier
c:\users\vivian\documents\accurate-atmospheric-scattering\accurate atmospheric scattering\accurate atmospheric scattering\imgui\imgui_demo.cpp(917): error C2065: 'ImGuiColorEditFlags_AlphaPreviewHalf': undeclared identifier
c:\users\vivian\documents\accurate-atmospheric-scattering\accurate atmospheric scattering\accurate atmospheric scattering\imgui\imgui_demo.cpp(917): error C2664: 'bool ImGui::ColorButton(const ImVec4 &,bool,bool)': cannot convert argument 1 from 'const char [11]' to 'const ImVec4 &'
  c:\users\vivian\documents\accurate-atmospheric-scattering\accurate atmospheric scattering\accurate atmospheric scattering\imgui\imgui_demo.cpp(917): note: Reason: cannot convert from 'const char [11]' to 'const ImVec4'
  c:\users\vivian\documents\accurate-atmospheric-scattering\accurate atmospheric scattering\accurate atmospheric scattering\imgui\imgui_demo.cpp(917): note: No constructor could take the source type, or constructor overload resolution was ambiguous
c:\users\vivian\documents\accurate-atmospheric-scattering\accurate atmospheric scattering\accurate atmospheric scattering\imgui\imgui_demo.cpp(921): error C3861: 'IM_ARRAYSIZE': identifier not found
c:\users\vivian\documents\accurate-atmospheric-scattering\accurate atmospheric scattering\accurate atmospheric scattering\imgui\imgui_demo.cpp(926): error C2065: 'ImGuiColorEditFlags_NoAlpha': undeclared identifier
c:\users\vivian\documents\accurate-atmospheric-scattering\accurate atmospheric scattering\accurate atmospheric scattering\imgui\imgui_demo.cpp(926): error C2065: 'ImGuiColorEditFlags_NoPicker': undeclared identifier
c:\users\vivian\documents\accurate-atmospheric-scattering\accurate atmospheric scattering\accurate atmospheric scattering\imgui\imgui_demo.cpp(926): error C2065: 'ImGuiColorEditFlags_NoTooltip': undeclared identifier
c:\users\vivian\documents\accurate-atmospheric-scattering\accurate atmospheric scattering\accurate atmospheric scattering\imgui\imgui_demo.cpp(926): error C2664: 'bool ImGui::ColorButton(const ImVec4 &,bool,bool)': cannot convert argument 1 from 'const char [10]' to 'const ImVec4 &'
  c:\users\vivian\documents\accurate-atmospheric-scattering\accurate atmospheric scattering\accurate atmospheric scattering\imgui\imgui_demo.cpp(926): note: Reason: cannot convert from 'const char [10]' to 'const ImVec4'
  c:\users\vivian\documents\accurate-atmospheric-scattering\accurate atmospheric scattering\accurate atmospheric scattering\imgui\imgui_demo.cpp(926): note: No constructor could take the source type, or constructor overload resolution was ambiguous
c:\users\vivian\documents\accurate-atmospheric-scattering\accurate atmospheric scattering\accurate atmospheric scattering\imgui\imgui_demo.cpp(929): error C2039: 'BeginDragDropTarget': is not a member of 'ImGui'
  c:\users\vivian\documents\accurate-atmospheric-scattering\accurate atmospheric scattering\accurate atmospheric scattering\imgui\imgui.h(109): note: see declaration of 'ImGui'
c:\users\vivian\documents\accurate-atmospheric-scattering\accurate atmospheric scattering\accurate atmospheric scattering\imgui\imgui_demo.cpp(929): error C3861: 'BeginDragDropTarget': identifier not found
c:\users\vivian\documents\accurate-atmospheric-scattering\accurate atmospheric scattering\accurate atmospheric scattering\imgui\imgui_demo.cpp(931): error C4430: missing type specifier - int assumed. Note: C++ does not support default-int
c:\users\vivian\documents\accurate-atmospheric-scattering\accurate atmospheric scattering\accurate atmospheric scattering\imgui\imgui_demo.cpp(931): error C2143: syntax error: missing ',' before '*'
c:\users\vivian\documents\accurate-atmospheric-scattering\accurate atmospheric scattering\accurate atmospheric scattering\imgui\imgui_demo.cpp(933): error C4430: missing type specifier - int assumed. Note: C++ does not support default-int
c:\users\vivian\documents\accurate-atmospheric-scattering\accurate atmospheric scattering\accurate atmospheric scattering\imgui\imgui_demo.cpp(933): error C2143: syntax error: missing ',' before '*'
c:\users\vivian\documents\accurate-atmospheric-scattering\accurate atmospheric scattering\accurate atmospheric scattering\imgui\imgui_demo.cpp(935): error C3861: 'EndDragDropTarget': identifier not found
c:\users\vivian\documents\accurate-atmospheric-scattering\accurate atmospheric scattering\accurate atmospheric scattering\imgui\imgui_demo.cpp(945): error C2660: 'ImGui::ColorButton': function does not take 4 arguments
  c:\users\vivian\documents\accurate-atmospheric-scattering\accurate atmospheric scattering\accurate atmospheric scattering\imgui\imgui.h(271): note: see declaration of 'ImGui::ColorButton'
c:\users\vivian\documents\accurate-atmospheric-scattering\accurate atmospheric scattering\accurate atmospheric scattering\imgui\imgui_demo.cpp(965): error C2065: 'ImGuiColorEditFlags_NoInputs': undeclared identifier
c:\users\vivian\documents\accurate-atmospheric-scattering\accurate atmospheric scattering\accurate atmospheric scattering\imgui\imgui_demo.cpp(971): error C2065: 'ImGuiColorEditFlags': undeclared identifier
c:\users\vivian\documents\accurate-atmospheric-scattering\accurate atmospheric scattering\accurate atmospheric scattering\imgui\imgui_demo.cpp(971): error C2146: syntax error: missing ';' before identifier 'flags'
c:\users\vivian\documents\accurate-atmospheric-scattering\accurate atmospheric scattering\accurate atmospheric scattering\imgui\imgui_demo.cpp(971): error C2065: 'flags': undeclared identifier
c:\users\vivian\documents\accurate-atmospheric-scattering\accurate atmospheric scattering\accurate atmospheric scattering\imgui\imgui_demo.cpp(972): error C2065: 'flags': undeclared identifier
c:\users\vivian\documents\accurate-atmospheric-scattering\accurate atmospheric scattering\accurate atmospheric scattering\imgui\imgui_demo.cpp(972): error C2065: 'ImGuiColorEditFlags_NoAlpha': undeclared identifier
c:\users\vivian\documents\accurate-atmospheric-scattering\accurate atmospheric scattering\accurate atmospheric scattering\imgui\imgui_demo.cpp(973): error C2065: 'flags': undeclared identifier
c:\users\vivian\documents\accurate-atmospheric-scattering\accurate atmospheric scattering\accurate atmospheric scattering\imgui\imgui_demo.cpp(973): error C2065: 'ImGuiColorEditFlags_AlphaBar': undeclared identifier
c:\users\vivian\documents\accurate-atmospheric-scattering\accurate atmospheric scattering\accurate atmospheric scattering\imgui\imgui_demo.cpp(974): error C2065: 'flags': undeclared identifier
c:\users\vivian\documents\accurate-atmospheric-scattering\accurate atmospheric scattering\accurate atmospheric scattering\imgui\imgui_demo.cpp(974): error C2065: 'ImGuiColorEditFlags_NoSidePreview': undeclared identifier
c:\users\vivian\documents\accurate-atmospheric-scattering\accurate atmospheric scattering\accurate atmospheric scattering\imgui\imgui_demo.cpp(975): error C2065: 'flags': undeclared identifier
c:\users\vivian\documents\accurate-atmospheric-scattering\accurate atmospheric scattering\accurate atmospheric scattering\imgui\imgui_demo.cpp(975): error C2065: 'ImGuiColorEditFlags_PickerHueBar': undeclared identifier
c:\users\vivian\documents\accurate-atmospheric-scattering\accurate atmospheric scattering\accurate atmospheric scattering\imgui\imgui_demo.cpp(976): error C2065: 'flags': undeclared identifier
c:\users\vivian\documents\accurate-atmospheric-scattering\accurate atmospheric scattering\accurate atmospheric scattering\imgui\imgui_demo.cpp(976): error C2065: 'ImGuiColorEditFlags_PickerHueWheel': undeclared identifier
c:\users\vivian\documents\accurate-atmospheric-scattering\accurate atmospheric scattering\accurate atmospheric scattering\imgui\imgui_demo.cpp(977): error C2065: 'flags': undeclared identifier
c:\users\vivian\documents\accurate-atmospheric-scattering\accurate atmospheric scattering\accurate atmospheric scattering\imgui\imgui_demo.cpp(977): error C2065: 'ImGuiColorEditFlags_NoInputs': undeclared identifier
c:\users\vivian\documents\accurate-atmospheric-scattering\accurate atmospheric scattering\accurate atmospheric scattering\imgui\imgui_demo.cpp(978): error C2065: 'flags': undeclared identifier
c:\users\vivian\documents\accurate-atmospheric-scattering\accurate atmospheric scattering\accurate atmospheric scattering\imgui\imgui_demo.cpp(978): error C2065: 'ImGuiColorEditFlags_RGB': undeclared identifier
c:\users\vivian\documents\accurate-atmospheric-scattering\accurate atmospheric scattering\accurate atmospheric scattering\imgui\imgui_demo.cpp(979): error C2065: 'flags': undeclared identifier
c:\users\vivian\documents\accurate-atmospheric-scattering\accurate atmospheric scattering\accurate atmospheric scattering\imgui\imgui_demo.cpp(979): error C2065: 'ImGuiColorEditFlags_HSV': undeclared identifier
c:\users\vivian\documents\accurate-atmospheric-scattering\accurate atmospheric scattering\accurate atmospheric scattering\imgui\imgui_demo.cpp(980): error C2065: 'flags': undeclared identifier
c:\users\vivian\documents\accurate-atmospheric-scattering\accurate atmospheric scattering\accurate atmospheric scattering\imgui\imgui_demo.cpp(980): error C2065: 'ImGuiColorEditFlags_HEX': undeclared identifier
c:\users\vivian\documents\accurate-atmospheric-scattering\accurate atmospheric scattering\accurate atmospheric scattering\imgui\imgui_demo.cpp(981): error C2039: 'ColorPicker4': is not a member of 'ImGui'
  c:\users\vivian\documents\accurate-atmospheric-scattering\accurate atmospheric scattering\accurate atmospheric scattering\imgui\imgui.h(109): note: see declaration of 'ImGui'
c:\users\vivian\documents\accurate-atmospheric-scattering\accurate atmospheric scattering\accurate atmospheric scattering\imgui\imgui_demo.cpp(981): fatal error C1003: error count exceeds 100; stopping compilation
  imgui_draw.cpp
c:\users\vivian\documents\accurate-atmospheric-scattering\accurate atmospheric scattering\accurate atmospheric scattering\imgui\imgui_draw.cpp(11): fatal error C1083: Cannot open include file: 'stdafx.h': No such file or directory
  imgui_impl_dx11.cpp
c:\users\vivian\documents\accurate-atmospheric-scattering\accurate atmospheric scattering\accurate atmospheric scattering\imgui\imgui_impl_dx11.cpp(9): fatal error C1083: Cannot open include file: 'stdafx.h': No such file or directory
  Main.cpp
c:\users\vivian\documents\accurate-atmospheric-scattering\accurate atmospheric scattering\accurate atmospheric scattering\atmosphere.h(93): error C2653: 'Microsoft': is not a class or namespace name
c:\users\vivian\documents\accurate-atmospheric-scattering\accurate atmospheric scattering\accurate atmospheric scattering\atmosphere.h(93): error C2143: syntax error: missing ';' before '<'
c:\users\vivian\documents\accurate-atmospheric-scattering\accurate atmospheric scattering\accurate atmospheric scattering\atmosphere.h(93): error C4430: missing type specifier - int assumed. Note: C++ does not support default-int
c:\users\vivian\documents\accurate-atmospheric-scattering\accurate atmospheric scattering\accurate atmospheric scattering\atmosphere.h(94): error C2653: 'Microsoft': is not a class or namespace name
c:\users\vivian\documents\accurate-atmospheric-scattering\accurate atmospheric scattering\accurate atmospheric scattering\atmosphere.h(94): error C2143: syntax error: missing ';' before '<'
c:\users\vivian\documents\accurate-atmospheric-scattering\accurate atmospheric scattering\accurate atmospheric scattering\atmosphere.h(94): error C4430: missing type specifier - int assumed. Note: C++ does not support default-int
c:\users\vivian\documents\accurate-atmospheric-scattering\accurate atmospheric scattering\accurate atmospheric scattering\atmosphere.h(94): error C2086: 'int Atmosphere::ComPtr': redefinition
  c:\users\vivian\documents\accurate-atmospheric-scattering\accurate atmospheric scattering\accurate atmospheric scattering\atmosphere.h(93): note: see declaration of 'Atmosphere::ComPtr'
  Renderer.cpp
c:\users\vivian\documents\accurate-atmospheric-scattering\accurate atmospheric scattering\accurate atmospheric scattering\atmosphere.h(93): error C2653: 'Microsoft': is not a class or namespace name
c:\users\vivian\documents\accurate-atmospheric-scattering\accurate atmospheric scattering\accurate atmospheric scattering\atmosphere.h(93): error C2143: syntax error: missing ';' before '<'
c:\users\vivian\documents\accurate-atmospheric-scattering\accurate atmospheric scattering\accurate atmospheric scattering\atmosphere.h(93): error C4430: missing type specifier - int assumed. Note: C++ does not support default-int
c:\users\vivian\documents\accurate-atmospheric-scattering\accurate atmospheric scattering\accurate atmospheric scattering\atmosphere.h(94): error C2653: 'Microsoft': is not a class or namespace name
c:\users\vivian\documents\accurate-atmospheric-scattering\accurate atmospheric scattering\accurate atmospheric scattering\atmosphere.h(94): error C2143: syntax error: missing ';' before '<'
c:\users\vivian\documents\accurate-atmospheric-scattering\accurate atmospheric scattering\accurate atmospheric scattering\atmosphere.h(94): error C4430: missing type specifier - int assumed. Note: C++ does not support default-int
c:\users\vivian\documents\accurate-atmospheric-scattering\accurate atmospheric scattering\accurate atmospheric scattering\atmosphere.h(94): error C2086: 'int Atmosphere::ComPtr': redefinition
  c:\users\vivian\documents\accurate-atmospheric-scattering\accurate atmospheric scattering\accurate atmospheric scattering\atmosphere.h(93): note: see declaration of 'Atmosphere::ComPtr'
c:\users\vivian\documents\accurate-atmospheric-scattering\accurate atmospheric scattering\accurate atmospheric scattering\renderer.cpp(547): error C2039: 'get_demo_vs': is not a member of 'Atmosphere'
  c:\users\vivian\documents\accurate-atmospheric-scattering\accurate atmospheric scattering\accurate atmospheric scattering\gui.h(5): note: see declaration of 'Atmosphere'
c:\users\vivian\documents\accurate-atmospheric-scattering\accurate atmospheric scattering\accurate atmospheric scattering\renderer.cpp(547): error C3861: 'get_demo_vs': identifier not found
c:\users\vivian\documents\accurate-atmospheric-scattering\accurate atmospheric scattering\accurate atmospheric scattering\renderer.cpp(562): error C2039: 'get_demo_ps': is not a member of 'Atmosphere'
  c:\users\vivian\documents\accurate-atmospheric-scattering\accurate atmospheric scattering\accurate atmospheric scattering\gui.h(5): note: see declaration of 'Atmosphere'
c:\users\vivian\documents\accurate-atmospheric-scattering\accurate atmospheric scattering\accurate atmospheric scattering\renderer.cpp(562): error C3861: 'get_demo_ps': identifier not found
  Window.cpp
  Generating Code...
